{
  "src/components/Common/Common.tsx": {
    "path": "src/components/Common/Common.tsx",
    "statementMap": {
      "1": {
        "start": {
          "line": 1,
          "column": 0
        },
        "end": {
          "line": 1,
          "column": 10
        }
      },
      "2": {
        "start": {
          "line": 1,
          "column": 0
        },
        "end": {
          "line": 1,
          "column": 10
        }
      },
      "3": {
        "start": {
          "line": 1,
          "column": 0
        },
        "end": {
          "line": 1,
          "column": 10
        }
      },
      "4": {
        "start": {
          "line": 1,
          "column": 0
        },
        "end": {
          "line": 1,
          "column": 10
        }
      },
      "5": {
        "start": {
          "line": 1,
          "column": 0
        },
        "end": {
          "line": 1,
          "column": 10
        }
      },
      "6": {
        "start": {
          "line": 1,
          "column": 0
        },
        "end": {
          "line": 1,
          "column": 10
        }
      },
      "7": {
        "start": {
          "line": 1,
          "column": 0
        },
        "end": {
          "line": 1,
          "column": 10
        }
      },
      "8": {
        "start": {
          "line": 1,
          "column": 0
        },
        "end": {
          "line": 1,
          "column": 10
        }
      },
      "9": {
        "start": {
          "line": 1,
          "column": 0
        },
        "end": {
          "line": 1,
          "column": 10
        }
      }
    },
    "s": {
      "1": 1,
      "2": 1,
      "3": 1,
      "4": 1,
      "5": 1,
      "6": 1,
      "7": 1,
      "8": 1,
      "9": 1
    },
    "fnMap": {
      "1": {
        "name": "menutoggle_undefined",
        "line": 1,
        "loc": {
          "start": {
            "line": 1,
            "column": 0
          },
          "end": {
            "line": 1,
            "column": 10
          }
        }
      },
      "2": {
        "name": "Login_undefined",
        "line": 1,
        "loc": {
          "start": {
            "line": 1,
            "column": 0
          },
          "end": {
            "line": 1,
            "column": 10
          }
        }
      },
      "3": {
        "name": "Unknown_undefined",
        "line": 1,
        "loc": {
          "start": {
            "line": 1,
            "column": 0
          },
          "end": {
            "line": 1,
            "column": 10
          }
        }
      },
      "4": {
        "name": "remember_undefined",
        "line": 1,
        "loc": {
          "start": {
            "line": 1,
            "column": 0
          },
          "end": {
            "line": 1,
            "column": 10
          }
        }
      },
      "5": {
        "name": "basic_undefined",
        "line": 1,
        "loc": {
          "start": {
            "line": 1,
            "column": 0
          },
          "end": {
            "line": 1,
            "column": 10
          }
        }
      },
      "6": {
        "name": "premium_undefined",
        "line": 1,
        "loc": {
          "start": {
            "line": 1,
            "column": 0
          },
          "end": {
            "line": 1,
            "column": 10
          }
        }
      },
      "7": {
        "name": "Unknown_undefined",
        "line": 1,
        "loc": {
          "start": {
            "line": 1,
            "column": 0
          },
          "end": {
            "line": 1,
            "column": 10
          }
        }
      },
      "8": {
        "name": "Home_undefined",
        "line": 1,
        "loc": {
          "start": {
            "line": 1,
            "column": 0
          },
          "end": {
            "line": 1,
            "column": 10
          }
        }
      },
      "9": {
        "name": "SelectCountryUnitedStatesUnitedKingdom_undefined",
        "line": 1,
        "loc": {
          "start": {
            "line": 1,
            "column": 0
          },
          "end": {
            "line": 1,
            "column": 10
          }
        }
      }
    },
    "f": {
      "1": 1,
      "2": 1,
      "3": 1,
      "4": 1,
      "5": 1,
      "6": 1,
      "7": 1,
      "8": 1,
      "9": 1
    },
    "b": {
      "1": [
        1,
        0
      ],
      "2": [
        0,
        1
      ],
      "3": [
        0,
        1
      ],
      "4": [
        1,
        0
      ],
      "5": [
        1,
        0
      ],
      "6": [
        1,
        0
      ],
      "7": [
        0,
        1
      ],
      "8": [
        0,
        1
      ],
      "9": [
        0,
        1
      ]
    },
    "branchMap": {
      "1": {
        "loc": {
          "start": {
            "line": 1,
            "column": 0
          },
          "end": {
            "line": 1,
            "column": 10
          }
        },
        "type": "branch",
        "locations": [
          {
            "start": {
              "line": 1,
              "column": 0
            },
            "end": {
              "line": 1,
              "column": 10
            }
          }
        ]
      },
      "2": {
        "loc": {
          "start": {
            "line": 1,
            "column": 0
          },
          "end": {
            "line": 1,
            "column": 10
          }
        },
        "type": "branch",
        "locations": [
          {
            "start": {
              "line": 1,
              "column": 0
            },
            "end": {
              "line": 1,
              "column": 10
            }
          }
        ]
      },
      "3": {
        "loc": {
          "start": {
            "line": 1,
            "column": 0
          },
          "end": {
            "line": 1,
            "column": 10
          }
        },
        "type": "branch",
        "locations": [
          {
            "start": {
              "line": 1,
              "column": 0
            },
            "end": {
              "line": 1,
              "column": 10
            }
          }
        ]
      },
      "4": {
        "loc": {
          "start": {
            "line": 1,
            "column": 0
          },
          "end": {
            "line": 1,
            "column": 10
          }
        },
        "type": "branch",
        "locations": [
          {
            "start": {
              "line": 1,
              "column": 0
            },
            "end": {
              "line": 1,
              "column": 10
            }
          }
        ]
      },
      "5": {
        "loc": {
          "start": {
            "line": 1,
            "column": 0
          },
          "end": {
            "line": 1,
            "column": 10
          }
        },
        "type": "branch",
        "locations": [
          {
            "start": {
              "line": 1,
              "column": 0
            },
            "end": {
              "line": 1,
              "column": 10
            }
          }
        ]
      },
      "6": {
        "loc": {
          "start": {
            "line": 1,
            "column": 0
          },
          "end": {
            "line": 1,
            "column": 10
          }
        },
        "type": "branch",
        "locations": [
          {
            "start": {
              "line": 1,
              "column": 0
            },
            "end": {
              "line": 1,
              "column": 10
            }
          }
        ]
      },
      "7": {
        "loc": {
          "start": {
            "line": 1,
            "column": 0
          },
          "end": {
            "line": 1,
            "column": 10
          }
        },
        "type": "branch",
        "locations": [
          {
            "start": {
              "line": 1,
              "column": 0
            },
            "end": {
              "line": 1,
              "column": 10
            }
          }
        ]
      },
      "8": {
        "loc": {
          "start": {
            "line": 1,
            "column": 0
          },
          "end": {
            "line": 1,
            "column": 10
          }
        },
        "type": "branch",
        "locations": [
          {
            "start": {
              "line": 1,
              "column": 0
            },
            "end": {
              "line": 1,
              "column": 10
            }
          }
        ]
      },
      "9": {
        "loc": {
          "start": {
            "line": 1,
            "column": 0
          },
          "end": {
            "line": 1,
            "column": 10
          }
        },
        "type": "branch",
        "locations": [
          {
            "start": {
              "line": 1,
              "column": 0
            },
            "end": {
              "line": 1,
              "column": 10
            }
          }
        ]
      }
    }
  }
}